2025-07-06 18:01:13.779 | INFO     | backend.app.services.provider_manager:add_provider:28 - Added provider: mock-primary (primary: True)
2025-07-06 18:01:13.779 | INFO     | backend.app.services.provider_manager:add_provider:28 - Added provider: mock-fallback (primary: False)
2025-07-06 18:01:13.779 | INFO     | backend.app.services.ai_service:initialize_providers:28 - AI Service initialized with providers
2025-07-06 18:03:32.421 | INFO     | backend.app.services.provider_manager:add_provider:28 - Added provider: mock-primary (primary: True)
2025-07-06 18:03:32.421 | INFO     | backend.app.services.provider_manager:add_provider:28 - Added provider: mock-fallback (primary: False)
2025-07-06 18:03:32.421 | INFO     | backend.app.services.ai_service:initialize_providers:28 - AI Service initialized with providers
2025-07-06 18:04:18.612 | INFO     | backend.app.services.provider_manager:add_provider:28 - Added provider: mock-primary (primary: True)
2025-07-06 18:04:18.612 | INFO     | backend.app.services.provider_manager:add_provider:28 - Added provider: mock-fallback (primary: False)
2025-07-06 18:04:18.612 | INFO     | backend.app.services.ai_service:initialize_providers:28 - AI Service initialized with providers
2025-07-06 18:07:57.338 | INFO     | backend.app.services.provider_manager:add_provider:28 - Added provider: mock-primary (primary: True)
2025-07-06 18:07:57.338 | INFO     | backend.app.services.provider_manager:add_provider:28 - Added provider: mock-fallback (primary: False)
2025-07-06 18:07:57.339 | INFO     | backend.app.services.ai_service:initialize_providers:28 - AI Service initialized with providers
2025-07-06 18:09:17.923 | INFO     | backend.app.services.provider_manager:add_provider:28 - Added provider: mock-primary (primary: True)
2025-07-06 18:09:17.924 | INFO     | backend.app.services.provider_manager:add_provider:28 - Added provider: mock-fallback (primary: False)
2025-07-06 18:09:17.924 | INFO     | backend.app.services.ai_service:initialize_providers:28 - AI Service initialized with providers
2025-07-06 18:09:22.369 | INFO     | backend.app.services.provider_manager:add_provider:28 - Added provider: mock-primary (primary: True)
2025-07-06 18:09:22.370 | INFO     | backend.app.services.provider_manager:add_provider:28 - Added provider: mock-fallback (primary: False)
2025-07-06 18:09:22.370 | INFO     | backend.app.services.ai_service:initialize_providers:28 - AI Service initialized with providers
2025-07-06 18:10:45.348 | INFO     | backend.app.services.provider_manager:add_provider:28 - Added provider: mock-primary (primary: True)
2025-07-06 18:10:45.348 | INFO     | backend.app.services.provider_manager:add_provider:28 - Added provider: mock-fallback (primary: False)
2025-07-06 18:10:45.348 | INFO     | backend.app.services.ai_service:initialize_providers:28 - AI Service initialized with providers
2025-07-06 18:16:00.638 | INFO     | backend.app.services.ai_service:generate_text:31 - Generating text for prompt: "Create romance novel outline"
2025-07-06 18:16:00.749 | INFO     | backend.app.services.provider_manager:generate_text:40 - Successfully used primary provider: mock-primary
2025-07-06 18:16:00.749 | INFO     | backend.app.services.ai_service:generate_text:35 - Text generated successfully using mock-primary
