nohup: ignoring input
INFO:     Will watch for changes in these directories: ['/home/systemdr/git/aie/day24/ai-quiz-platform/day24-logging-monitoring/backend']
INFO:     Uvicorn running on http://0.0.0.0:8080 (Press CTRL+C to quit)
INFO:     Started reloader process [60387] using StatReload
INFO:     Started server process [60389]
INFO:     Waiting for application startup.
INFO:     Application startup complete.
{"extra": {"error": "_make_filtering_bound_logger.<locals>.make_method.<locals>.meth() got multiple values for argument 'event'"}, "event": "Failed to get metrics summary", "logger": "app.main", "level": "error", "timestamp": "2025-08-22T10:18:53.487386Z"}
INFO:     None:0 - "GET /api/v1/metrics/summary HTTP/1.1" 500 Internal Server Error
{"extra": {"error": "_make_filtering_bound_logger.<locals>.make_method.<locals>.meth() got multiple values for argument 'event'"}, "event": "Failed to get metrics summary", "logger": "app.main", "level": "error", "timestamp": "2025-08-22T10:19:23.312098Z"}
INFO:     None:0 - "GET /api/v1/metrics/summary HTTP/1.1" 500 Internal Server Error
{"extra": {"error": "_make_filtering_bound_logger.<locals>.make_method.<locals>.meth() got multiple values for argument 'event'"}, "event": "Failed to get metrics summary", "logger": "app.main", "level": "error", "timestamp": "2025-08-22T10:20:07.925013Z"}
INFO:     None:0 - "GET /api/v1/metrics/summary HTTP/1.1" 500 Internal Server Error
{"extra": {"error": "_make_filtering_bound_logger.<locals>.make_method.<locals>.meth() got multiple values for argument 'event'"}, "event": "Failed to get metrics summary", "logger": "app.main", "level": "error", "timestamp": "2025-08-22T10:20:51.110671Z"}
INFO:     None:0 - "GET /api/v1/metrics/summary HTTP/1.1" 500 Internal Server Error
{"error": "Connection error caused by: ConnectionError(Connection error caused by: ClientConnectorError(Cannot connect to host localhost:9200 ssl:default [Connect call failed ('127.0.0.1', 9200)]))", "event": "Elasticsearch search failed", "logger": "services.logging_service", "level": "error", "timestamp": "2025-08-22T10:20:51.143690Z"}
INFO:     None:0 - "GET /api/v1/logs/search?query=&limit=50 HTTP/1.1" 200 OK
{"extra": {"error": "_make_filtering_bound_logger.<locals>.make_method.<locals>.meth() got multiple values for argument 'event'"}, "event": "Failed to get metrics summary", "logger": "app.main", "level": "error", "timestamp": "2025-08-22T10:20:51.474712Z"}
INFO:     None:0 - "GET /api/v1/metrics/summary HTTP/1.1" 500 Internal Server Error
{"error": "Connection error caused by: ConnectionError(Connection error caused by: ClientConnectorError(Cannot connect to host localhost:9200 ssl:default [Connect call failed ('127.0.0.1', 9200)]))", "event": "Elasticsearch search failed", "logger": "services.logging_service", "level": "error", "timestamp": "2025-08-22T10:20:51.495503Z"}
INFO:     None:0 - "GET /api/v1/logs/search?query=&limit=50 HTTP/1.1" 200 OK
INFO:     127.0.0.1:60472 - "GET /api/v1/health HTTP/1.1" 404 Not Found
{"extra": {"error": "_make_filtering_bound_logger.<locals>.make_method.<locals>.meth() got multiple values for argument 'event'"}, "event": "Failed to get metrics summary", "logger": "app.main", "level": "error", "timestamp": "2025-08-22T10:21:21.978804Z"}
INFO:     None:0 - "GET /api/v1/metrics/summary HTTP/1.1" 500 Internal Server Error
INFO:     127.0.0.1:36022 - "GET /docs HTTP/1.1" 200 OK
{"extra": {"error": "_make_filtering_bound_logger.<locals>.make_method.<locals>.meth() got multiple values for argument 'event'"}, "event": "Failed to get metrics summary", "logger": "app.main", "level": "error", "timestamp": "2025-08-22T10:21:46.807536Z"}
INFO:     127.0.0.1:53748 - "GET /api/v1/metrics/summary HTTP/1.1" 500 Internal Server Error
{"extra": {"error": "_make_filtering_bound_logger.<locals>.make_method.<locals>.meth() got multiple values for argument 'event'"}, "event": "Failed to get metrics summary", "logger": "app.main", "level": "error", "timestamp": "2025-08-22T10:21:52.484541Z"}
INFO:     None:0 - "GET /api/v1/metrics/summary HTTP/1.1" 500 Internal Server Error
{"extra": {"error": "_make_filtering_bound_logger.<locals>.make_method.<locals>.meth() got multiple values for argument 'event'"}, "event": "Failed to get metrics summary", "logger": "app.main", "level": "error", "timestamp": "2025-08-22T10:22:22.187256Z"}
INFO:     None:0 - "GET /api/v1/metrics/summary HTTP/1.1" 500 Internal Server Error
{"extra": {"error": "_make_filtering_bound_logger.<locals>.make_method.<locals>.meth() got multiple values for argument 'event'"}, "event": "Failed to get metrics summary", "logger": "app.main", "level": "error", "timestamp": "2025-08-22T10:22:52.634365Z"}
INFO:     None:0 - "GET /api/v1/metrics/summary HTTP/1.1" 500 Internal Server Error
{"extra": {"error": "_make_filtering_bound_logger.<locals>.make_method.<locals>.meth() got multiple values for argument 'event'"}, "event": "Failed to get metrics summary", "logger": "app.main", "level": "error", "timestamp": "2025-08-22T10:23:22.443986Z"}
INFO:     None:0 - "GET /api/v1/metrics/summary HTTP/1.1" 500 Internal Server Error
{"extra": {"error": "_make_filtering_bound_logger.<locals>.make_method.<locals>.meth() got multiple values for argument 'event'"}, "event": "Failed to get metrics summary", "logger": "app.main", "level": "error", "timestamp": "2025-08-22T10:23:52.846907Z"}
INFO:     None:0 - "GET /api/v1/metrics/summary HTTP/1.1" 500 Internal Server Error
{"extra": {"error": "_make_filtering_bound_logger.<locals>.make_method.<locals>.meth() got multiple values for argument 'event'"}, "event": "Failed to get metrics summary", "logger": "app.main", "level": "error", "timestamp": "2025-08-22T10:24:22.618515Z"}
INFO:     None:0 - "GET /api/v1/metrics/summary HTTP/1.1" 500 Internal Server Error
{"extra": {"error": "_make_filtering_bound_logger.<locals>.make_method.<locals>.meth() got multiple values for argument 'event'"}, "event": "Failed to get metrics summary", "logger": "app.main", "level": "error", "timestamp": "2025-08-22T10:25:07.260356Z"}
INFO:     None:0 - "GET /api/v1/metrics/summary HTTP/1.1" 500 Internal Server Error
{"extra": {"error": "_make_filtering_bound_logger.<locals>.make_method.<locals>.meth() got multiple values for argument 'event'"}, "event": "Failed to get metrics summary", "logger": "app.main", "level": "error", "timestamp": "2025-08-22T10:25:59.188192Z"}
INFO:     None:0 - "GET /api/v1/metrics/summary HTTP/1.1" 500 Internal Server Error
{"extra": {"error": "_make_filtering_bound_logger.<locals>.make_method.<locals>.meth() got multiple values for argument 'event'"}, "event": "Failed to get metrics summary", "logger": "app.main", "level": "error", "timestamp": "2025-08-22T10:26:09.591002Z"}
INFO:     None:0 - "GET /api/v1/metrics/summary HTTP/1.1" 500 Internal Server Error
{"error": "Connection error caused by: ConnectionError(Connection error caused by: ClientConnectorError(Cannot connect to host localhost:9200 ssl:default [Connect call failed ('127.0.0.1', 9200)]))", "event": "Elasticsearch search failed", "logger": "services.logging_service", "level": "error", "timestamp": "2025-08-22T10:26:09.617539Z"}
{"extra": {"error": "_make_filtering_bound_logger.<locals>.make_method.<locals>.meth() got multiple values for argument 'event'"}, "event": "Failed to get metrics summary", "logger": "app.main", "level": "error", "timestamp": "2025-08-22T10:26:09.623338Z"}
INFO:     None:0 - "GET /api/v1/metrics/summary HTTP/1.1" 500 Internal Server Error
INFO:     None:0 - "GET /api/v1/logs/search?query=&limit=50 HTTP/1.1" 200 OK
{"error": "Connection error caused by: ConnectionError(Connection error caused by: ClientConnectorError(Cannot connect to host localhost:9200 ssl:default [Connect call failed ('127.0.0.1', 9200)]))", "event": "Elasticsearch search failed", "logger": "services.logging_service", "level": "error", "timestamp": "2025-08-22T10:26:10.012639Z"}
INFO:     None:0 - "GET /api/v1/logs/search?query=&limit=50 HTTP/1.1" 200 OK
{"extra": {"error": "_make_filtering_bound_logger.<locals>.make_method.<locals>.meth() got multiple values for argument 'event'"}, "event": "Failed to get metrics summary", "logger": "app.main", "level": "error", "timestamp": "2025-08-22T10:26:40.710588Z"}
INFO:     None:0 - "GET /api/v1/metrics/summary HTTP/1.1" 500 Internal Server Error
{"extra": {"error": "_make_filtering_bound_logger.<locals>.make_method.<locals>.meth() got multiple values for argument 'event'"}, "event": "Failed to get metrics summary", "logger": "app.main", "level": "error", "timestamp": "2025-08-22T10:27:10.539036Z"}
INFO:     None:0 - "GET /api/v1/metrics/summary HTTP/1.1" 500 Internal Server Error
{"extra": {"error": "_make_filtering_bound_logger.<locals>.make_method.<locals>.meth() got multiple values for argument 'event'"}, "event": "Failed to get metrics summary", "logger": "app.main", "level": "error", "timestamp": "2025-08-22T10:27:40.910394Z"}
INFO:     None:0 - "GET /api/v1/metrics/summary HTTP/1.1" 500 Internal Server Error
{"extra": {"error": "_make_filtering_bound_logger.<locals>.make_method.<locals>.meth() got multiple values for argument 'event'"}, "event": "Failed to get metrics summary", "logger": "app.main", "level": "error", "timestamp": "2025-08-22T10:28:11.846617Z"}
INFO:     None:0 - "GET /api/v1/metrics/summary HTTP/1.1" 500 Internal Server Error
{"extra": {"error": "_make_filtering_bound_logger.<locals>.make_method.<locals>.meth() got multiple values for argument 'event'"}, "event": "Failed to get metrics summary", "logger": "app.main", "level": "error", "timestamp": "2025-08-22T10:28:40.974167Z"}
INFO:     None:0 - "GET /api/v1/metrics/summary HTTP/1.1" 500 Internal Server Error
{"extra": {"error": "_make_filtering_bound_logger.<locals>.make_method.<locals>.meth() got multiple values for argument 'event'"}, "event": "Failed to get metrics summary", "logger": "app.main", "level": "error", "timestamp": "2025-08-22T10:29:10.893865Z"}
INFO:     None:0 - "GET /api/v1/metrics/summary HTTP/1.1" 500 Internal Server Error
{"extra": {"error": "_make_filtering_bound_logger.<locals>.make_method.<locals>.meth() got multiple values for argument 'event'"}, "event": "Failed to get metrics summary", "logger": "app.main", "level": "error", "timestamp": "2025-08-22T10:29:41.408951Z"}
INFO:     None:0 - "GET /api/v1/metrics/summary HTTP/1.1" 500 Internal Server Error
{"extra": {"error": "_make_filtering_bound_logger.<locals>.make_method.<locals>.meth() got multiple values for argument 'event'"}, "event": "Failed to get metrics summary", "logger": "app.main", "level": "error", "timestamp": "2025-08-22T10:30:32.153993Z"}
INFO:     None:0 - "GET /api/v1/metrics/summary HTTP/1.1" 500 Internal Server Error
INFO:     Shutting down
INFO:     Waiting for application shutdown.
INFO:     Application shutdown complete.
INFO:     Finished server process [60389]
Unclosed client session
client_session: <aiohttp.client.ClientSession object at 0x7aed49b9cd30>
INFO:     Stopping reloader process [60387]
