nohup: ignoring input

> logging-monitoring-dashboard@1.0.0 start
> react-scripts start

(node:61169) [DEP_WEBPACK_DEV_SERVER_ON_AFTER_SETUP_MIDDLEWARE] DeprecationWarning: 'onAfterSetupMiddleware' option is deprecated. Please use the 'setupMiddlewares' option.
(Use `node --trace-deprecation ...` to show where the warning was created)
(node:61169) [DEP_WEBPACK_DEV_SERVER_ON_BEFORE_SETUP_MIDDLEWARE] DeprecationWarning: 'onBeforeSetupMiddleware' option is deprecated. Please use the 'setupMiddlewares' option.
Starting the development server...

Compiled successfully!

You can now view logging-monitoring-dashboard in the browser.

  Local:            http://localhost:3000
  On Your Network:  http://172.18.80.130:3000

Note that the development build is not optimized.
To create a production build, use npm run build.

webpack compiled successfully
(node:61169) [DEP0060] DeprecationWarning: The `util._extend` API is deprecated. Please use Object.assign() instead.
Proxy error: Could not proxy request /api/v1/metrics/summary from localhost:3001 to http://localhost:8080.
See https://nodejs.org/api/errors.html#errors_common_system_errors for more information (ECONNREFUSED).

Proxy error: Could not proxy request /api/v1/logs/search?query=&limit=50 from localhost:3001 to http://localhost:8080.
See https://nodejs.org/api/errors.html#errors_common_system_errors for more information (ECONNREFUSED).

Proxy error: Could not proxy request /api/v1/metrics/summary from localhost:3001 to http://localhost:8080.
See https://nodejs.org/api/errors.html#errors_common_system_errors for more information (ECONNREFUSED).

Proxy error: Could not proxy request /api/v1/logs/search?query=&limit=50 from localhost:3001 to http://localhost:8080.
See https://nodejs.org/api/errors.html#errors_common_system_errors for more information (ECONNREFUSED).

Proxy error: Could not proxy request /favicon.ico from localhost:3001 to http://localhost:8080.
See https://nodejs.org/api/errors.html#errors_common_system_errors for more information (ECONNREFUSED).

Proxy error: Could not proxy request /api/v1/metrics/summary from localhost:3001 to http://localhost:8080.
See https://nodejs.org/api/errors.html#errors_common_system_errors for more information (ECONNREFUSED).

Proxy error: Could not proxy request /api/v1/logs/search?query=&limit=50 from localhost:3001 to http://localhost:8080.
See https://nodejs.org/api/errors.html#errors_common_system_errors for more information (ECONNREFUSED).

Proxy error: Could not proxy request /api/v1/metrics/summary from localhost:3001 to http://localhost:8080.
See https://nodejs.org/api/errors.html#errors_common_system_errors for more information (ECONNREFUSED).

Proxy error: Could not proxy request /api/v1/logs/search?query=&limit=50 from localhost:3001 to http://localhost:8080.
See https://nodejs.org/api/errors.html#errors_common_system_errors for more information (ECONNREFUSED).

Proxy error: Could not proxy request /favicon.ico from localhost:3001 to http://localhost:8080.
See https://nodejs.org/api/errors.html#errors_common_system_errors for more information (ECONNREFUSED).

Proxy error: Could not proxy request /api/v1/metrics/summary from localhost:3001 to http://localhost:8080.
See https://nodejs.org/api/errors.html#errors_common_system_errors for more information (ECONNREFUSED).

Proxy error: Could not proxy request /api/v1/metrics/summary from localhost:3001 to http://localhost:8080.
See https://nodejs.org/api/errors.html#errors_common_system_errors for more information (ECONNREFUSED).

Compiling...
Compiled with warnings.

[eslint] 
src/App.js
  Line 9:9:   'RangePicker' is assigned a value but never used                                                               no-unused-vars
  Line 94:6:  React Hook useEffect has a missing dependency: 'searchLogs'. Either include it or remove the dependency array  react-hooks/exhaustive-deps

Search for the keywords to learn more about each warning.
To ignore, add // eslint-disable-next-line to the line before.

WARNING in [eslint] 
src/App.js
  Line 9:9:   'RangePicker' is assigned a value but never used                                                               no-unused-vars
  Line 94:6:  React Hook useEffect has a missing dependency: 'searchLogs'. Either include it or remove the dependency array  react-hooks/exhaustive-deps

webpack compiled with 1 warning
Proxy error: Could not proxy request /api/v1/metrics/summary from localhost:3001 to http://localhost:8080.
See https://nodejs.org/api/errors.html#errors_common_system_errors for more information (ECONNREFUSED).

Proxy error: Could not proxy request /api/v1/logs/search?query=&limit=50 from localhost:3001 to http://localhost:8080.
See https://nodejs.org/api/errors.html#errors_common_system_errors for more information (ECONNREFUSED).

Proxy error: Could not proxy request /api/v1/metrics/summary from localhost:3001 to http://localhost:8080.
See https://nodejs.org/api/errors.html#errors_common_system_errors for more information (ECONNREFUSED).

Proxy error: Could not proxy request /api/v1/logs/search?query=&limit=50 from localhost:3001 to http://localhost:8080.
See https://nodejs.org/api/errors.html#errors_common_system_errors for more information (ECONNREFUSED).

Proxy error: Could not proxy request /favicon.ico from localhost:3001 to http://localhost:8080.
See https://nodejs.org/api/errors.html#errors_common_system_errors for more information (ECONNREFUSED).

Proxy error: Could not proxy request /api/v1/logs/search?query=&limit=50 from localhost:3001 to http://localhost:8080.
See https://nodejs.org/api/errors.html#errors_common_system_errors for more information (ECONNREFUSED).

Proxy error: Could not proxy request /api/v1/metrics/summary from localhost:3001 to http://localhost:8080.
See https://nodejs.org/api/errors.html#errors_common_system_errors for more information (ECONNREFUSED).

Proxy error: Could not proxy request /api/v1/metrics/summary from localhost:3001 to http://localhost:8080.
See https://nodejs.org/api/errors.html#errors_common_system_errors for more information (ECONNREFUSED).

Proxy error: Could not proxy request /api/v1/metrics/summary from localhost:3001 to http://localhost:8080.
See https://nodejs.org/api/errors.html#errors_common_system_errors for more information (ECONNREFUSED).

Proxy error: Could not proxy request /api/v1/metrics/summary from localhost:3001 to http://localhost:8080.
See https://nodejs.org/api/errors.html#errors_common_system_errors for more information (ECONNREFUSED).

Proxy error: Could not proxy request /api/v1/metrics/summary from localhost:3001 to http://localhost:8080.
See https://nodejs.org/api/errors.html#errors_common_system_errors for more information (ECONNREFUSED).

Proxy error: Could not proxy request /api/v1/metrics/summary from localhost:3001 to http://localhost:8080.
See https://nodejs.org/api/errors.html#errors_common_system_errors for more information (ECONNREFUSED).

Proxy error: Could not proxy request /api/v1/metrics/summary from localhost:3001 to http://localhost:8080.
See https://nodejs.org/api/errors.html#errors_common_system_errors for more information (ECONNREFUSED).

Proxy error: Could not proxy request /api/v1/metrics/summary from localhost:3001 to http://localhost:8080.
See https://nodejs.org/api/errors.html#errors_common_system_errors for more information (ECONNREFUSED).

Compiling...
Compiled with warnings.

[eslint] 
src/App.js
  Line 9:9:   'RangePicker' is assigned a value but never used                                                               no-unused-vars
  Line 94:6:  React Hook useEffect has a missing dependency: 'searchLogs'. Either include it or remove the dependency array  react-hooks/exhaustive-deps

Search for the keywords to learn more about each warning.
To ignore, add // eslint-disable-next-line to the line before.

WARNING in [eslint] 
src/App.js
  Line 9:9:   'RangePicker' is assigned a value but never used                                                               no-unused-vars
  Line 94:6:  React Hook useEffect has a missing dependency: 'searchLogs'. Either include it or remove the dependency array  react-hooks/exhaustive-deps

webpack compiled with 1 warning
Compiling...
Compiled with warnings.

[eslint] 
src/App.js
  Line 9:9:   'RangePicker' is assigned a value but never used                                                               no-unused-vars
  Line 94:6:  React Hook useEffect has a missing dependency: 'searchLogs'. Either include it or remove the dependency array  react-hooks/exhaustive-deps

Search for the keywords to learn more about each warning.
To ignore, add // eslint-disable-next-line to the line before.

WARNING in [eslint] 
src/App.js
  Line 9:9:   'RangePicker' is assigned a value but never used                                                               no-unused-vars
  Line 94:6:  React Hook useEffect has a missing dependency: 'searchLogs'. Either include it or remove the dependency array  react-hooks/exhaustive-deps

webpack compiled with 1 warning
Proxy error: Could not proxy request /api/v1/metrics/summary from localhost:3001 to http://localhost:8080.
See https://nodejs.org/api/errors.html#errors_common_system_errors for more information (ECONNREFUSED).

Proxy error: Could not proxy request /api/v1/metrics/summary from localhost:3001 to http://localhost:8080.
See https://nodejs.org/api/errors.html#errors_common_system_errors for more information (ECONNREFUSED).

Proxy error: Could not proxy request /api/v1/metrics/summary from localhost:3001 to http://localhost:8080.
See https://nodejs.org/api/errors.html#errors_common_system_errors for more information (ECONNREFUSED).

Proxy error: Could not proxy request /api/v1/metrics/summary from localhost:3001 to http://localhost:8080.
See https://nodejs.org/api/errors.html#errors_common_system_errors for more information (ECONNREFUSED).

Proxy error: Could not proxy request /api/v1/metrics/summary from localhost:3001 to http://localhost:8080.
See https://nodejs.org/api/errors.html#errors_common_system_errors for more information (ECONNREFUSED).

Proxy error: Could not proxy request /api/v1/metrics/summary from localhost:3000 to http://localhost:8080.
See https://nodejs.org/api/errors.html#errors_common_system_errors for more information (ECONNREFUSED).

Proxy error: Could not proxy request /api/v1/logs/search?query=&limit=50 from localhost:3000 to http://localhost:8080.
See https://nodejs.org/api/errors.html#errors_common_system_errors for more information (ECONNREFUSED).

Proxy error: Could not proxy request /api/v1/metrics/summary from localhost:3000 to http://localhost:8080.
See https://nodejs.org/api/errors.html#errors_common_system_errors for more information (ECONNREFUSED).

Proxy error: Could not proxy request /api/v1/logs/search?query=&limit=50 from localhost:3000 to http://localhost:8080.
See https://nodejs.org/api/errors.html#errors_common_system_errors for more information (ECONNREFUSED).

Proxy error: Could not proxy request /favicon.ico from localhost:3000 to http://localhost:8080.
See https://nodejs.org/api/errors.html#errors_common_system_errors for more information (ECONNREFUSED).

Proxy error: Could not proxy request /api/v1/metrics/summary from localhost:3000 to http://localhost:8080.
See https://nodejs.org/api/errors.html#errors_common_system_errors for more information (ECONNREFUSED).

Proxy error: Could not proxy request /api/v1/metrics/summary from localhost:3000 to http://localhost:8080.
See https://nodejs.org/api/errors.html#errors_common_system_errors for more information (ECONNREFUSED).

Proxy error: Could not proxy request /api/v1/metrics/summary from localhost:3000 to http://localhost:8080.
See https://nodejs.org/api/errors.html#errors_common_system_errors for more information (ECONNREFUSED).

Proxy error: Could not proxy request /api/v1/metrics/summary from localhost:3000 to http://localhost:8080.
See https://nodejs.org/api/errors.html#errors_common_system_errors for more information (ECONNREFUSED).

Proxy error: Could not proxy request /api/v1/metrics/summary from localhost:3000 to http://localhost:8080.
See https://nodejs.org/api/errors.html#errors_common_system_errors for more information (ECONNREFUSED).

Proxy error: Could not proxy request /api/v1/metrics/summary from localhost:3000 to http://localhost:8080.
See https://nodejs.org/api/errors.html#errors_common_system_errors for more information (ECONNREFUSED).

Proxy error: Could not proxy request /api/v1/metrics/summary from localhost:3000 to http://localhost:8080.
See https://nodejs.org/api/errors.html#errors_common_system_errors for more information (ECONNREFUSED).

Proxy error: Could not proxy request /api/v1/metrics/summary from localhost:3000 to http://localhost:8080.
See https://nodejs.org/api/errors.html#errors_common_system_errors for more information (ECONNREFUSED).

Proxy error: Could not proxy request /api/v1/metrics/summary from localhost:3000 to http://localhost:8080.
See https://nodejs.org/api/errors.html#errors_common_system_errors for more information (ECONNREFUSED).

Proxy error: Could not proxy request /api/v1/metrics/summary from localhost:3000 to http://localhost:8080.
See https://nodejs.org/api/errors.html#errors_common_system_errors for more information (ECONNREFUSED).

Proxy error: Could not proxy request /api/v1/metrics/summary from localhost:3000 to http://localhost:8080.
See https://nodejs.org/api/errors.html#errors_common_system_errors for more information (ECONNREFUSED).

Proxy error: Could not proxy request /api/v1/metrics/summary from localhost:3000 to http://localhost:8080.
See https://nodejs.org/api/errors.html#errors_common_system_errors for more information (ECONNREFUSED).

Proxy error: Could not proxy request /api/v1/metrics/summary from localhost:3000 to http://localhost:8080.
See https://nodejs.org/api/errors.html#errors_common_system_errors for more information (ECONNREFUSED).

Proxy error: Could not proxy request /api/v1/metrics/summary from localhost:3000 to http://localhost:8080.
See https://nodejs.org/api/errors.html#errors_common_system_errors for more information (ECONNREFUSED).

Proxy error: Could not proxy request /api/v1/metrics/summary from localhost:3000 to http://localhost:8080.
See https://nodejs.org/api/errors.html#errors_common_system_errors for more information (ECONNREFUSED).

Proxy error: Could not proxy request /api/v1/metrics/summary from localhost:3000 to http://localhost:8080.
See https://nodejs.org/api/errors.html#errors_common_system_errors for more information (ECONNREFUSED).

Proxy error: Could not proxy request /api/v1/metrics/summary from localhost:3000 to http://localhost:8080.
See https://nodejs.org/api/errors.html#errors_common_system_errors for more information (ECONNREFUSED).

Proxy error: Could not proxy request /api/v1/metrics/summary from localhost:3000 to http://localhost:8080.
See https://nodejs.org/api/errors.html#errors_common_system_errors for more information (ECONNREFUSED).

Proxy error: Could not proxy request /api/v1/metrics/summary from localhost:3000 to http://localhost:8080.
See https://nodejs.org/api/errors.html#errors_common_system_errors for more information (ECONNREFUSED).

Proxy error: Could not proxy request /api/v1/metrics/summary from localhost:3000 to http://localhost:8080.
See https://nodejs.org/api/errors.html#errors_common_system_errors for more information (ECONNREFUSED).

Proxy error: Could not proxy request /api/v1/metrics/summary from localhost:3000 to http://localhost:8080.
See https://nodejs.org/api/errors.html#errors_common_system_errors for more information (ECONNREFUSED).

Proxy error: Could not proxy request /api/v1/metrics/summary from localhost:3000 to http://localhost:8080.
See https://nodejs.org/api/errors.html#errors_common_system_errors for more information (ECONNREFUSED).

Proxy error: Could not proxy request /api/v1/metrics/summary from localhost:3000 to http://localhost:8080.
See https://nodejs.org/api/errors.html#errors_common_system_errors for more information (ECONNREFUSED).

Proxy error: Could not proxy request /api/v1/metrics/summary from localhost:3000 to http://localhost:8080.
See https://nodejs.org/api/errors.html#errors_common_system_errors for more information (ECONNREFUSED).

Proxy error: Could not proxy request /api/v1/metrics/summary from localhost:3000 to http://localhost:8080.
See https://nodejs.org/api/errors.html#errors_common_system_errors for more information (ECONNREFUSED).

Proxy error: Could not proxy request /api/v1/metrics/summary from localhost:3000 to http://localhost:8080.
See https://nodejs.org/api/errors.html#errors_common_system_errors for more information (ECONNREFUSED).

Proxy error: Could not proxy request /api/v1/metrics/summary from localhost:3000 to http://localhost:8080.
See https://nodejs.org/api/errors.html#errors_common_system_errors for more information (ECONNREFUSED).

Proxy error: Could not proxy request /api/v1/logs/search?query=&limit=50 from localhost:3000 to http://localhost:8080.
See https://nodejs.org/api/errors.html#errors_common_system_errors for more information (ECONNREFUSED).

Proxy error: Could not proxy request /api/v1/metrics/summary from localhost:3000 to http://localhost:8080.
See https://nodejs.org/api/errors.html#errors_common_system_errors for more information (ECONNREFUSED).

Proxy error: Could not proxy request /api/v1/logs/search?query=&limit=50 from localhost:3000 to http://localhost:8080.
See https://nodejs.org/api/errors.html#errors_common_system_errors for more information (ECONNREFUSED).

Proxy error: Could not proxy request /favicon.ico from localhost:3000 to http://localhost:8080.
See https://nodejs.org/api/errors.html#errors_common_system_errors for more information (ECONNREFUSED).

Proxy error: Could not proxy request /api/v1/metrics/summary from localhost:3000 to http://localhost:8080.
See https://nodejs.org/api/errors.html#errors_common_system_errors for more information (ECONNREFUSED).

Proxy error: Could not proxy request /api/v1/metrics/summary from localhost:3000 to http://localhost:8080.
See https://nodejs.org/api/errors.html#errors_common_system_errors for more information (ECONNREFUSED).

Proxy error: Could not proxy request /api/v1/metrics/summary from localhost:3000 to http://localhost:8080.
See https://nodejs.org/api/errors.html#errors_common_system_errors for more information (ECONNREFUSED).

Proxy error: Could not proxy request /api/v1/metrics/summary from localhost:3000 to http://localhost:8080.
See https://nodejs.org/api/errors.html#errors_common_system_errors for more information (ECONNREFUSED).

Proxy error: Could not proxy request /api/v1/metrics/summary from localhost:3000 to http://localhost:8080.
See https://nodejs.org/api/errors.html#errors_common_system_errors for more information (ECONNREFUSED).

Proxy error: Could not proxy request /api/v1/metrics/summary from localhost:3000 to http://localhost:8080.
See https://nodejs.org/api/errors.html#errors_common_system_errors for more information (ECONNREFUSED).

Proxy error: Could not proxy request /api/v1/metrics/summary from localhost:3000 to http://localhost:8080.
See https://nodejs.org/api/errors.html#errors_common_system_errors for more information (ECONNREFUSED).

Proxy error: Could not proxy request /api/v1/metrics/summary from localhost:3000 to http://localhost:8080.
See https://nodejs.org/api/errors.html#errors_common_system_errors for more information (ECONNREFUSED).

